Arguments: 
  /opt/homebrew/Cellar/node/20.3.1_1/bin/node /opt/homebrew/Cellar/yarn/1.22.19/libexec/bin/yarn.js

PATH: 
  /opt/homebrew/opt/openjdk/bin:/Users/sparrovv/google-cloud-sdk/bin:/Users/sparrovv/.pyenv/shims:/Users/sparrovv/.local/bin:/Users/sparrovv/dotfiles/bin:/usr/local/bin:.:/Users/sparrovv/.rbenv/shims:bin:/opt/local/bin:/usr/local/bin:/usr/local/sbin:/usr/local/share/npm/bin:/Users/sparrovv/.sfs:/Users/sparrovv/.oh-my-zsh/bin:/Users/sparrovv/go/bin:/Users/sparrovv/Library/Application Support/cloud-code/installer/google-cloud-sdk/bin:/opt/homebrew/opt/python@3.11/libexec/bin:/opt/homebrew/bin:/opt/homebrew/sbin:/usr/local/bin:/System/Cryptexes/App/usr/bin:/usr/bin:/bin:/usr/sbin:/sbin:/Users/sparrovv/Library/Application Support/cloud-code/installer/google-cloud-sdk/bin:/opt/homebrew/opt/openjdk/bin:/Users/sparrovv/google-cloud-sdk/bin:/Users/sparrovv/.local/bin:/Users/sparrovv/dotfiles/bin:.:/Users/sparrovv/.rbenv/shims:bin:/opt/local/bin:/usr/local/sbin:/usr/local/share/npm/bin:/Users/sparrovv/.sfs:/Users/sparrovv/.oh-my-zsh/bin:/Users/sparrovv/go/bin:/opt/homebrew/opt/python@3.11/libexec/bin:/opt/homebrew/bin:/opt/homebrew/sbin:/usr/local/opt/go/libexec/bin:/opt/homebrew/opt/fzf/bin:/usr/local/opt/go/libexec/bin:/Users/sparrovv/go/bin:/Users/sparrovv/Library/Application Support/cloud-code/installer/google-cloud-sdk/bin:/opt/homebrew/opt/python@3.11/libexec/bin:/opt/homebrew/bin:/opt/homebrew/sbin:/usr/local/bin:/System/Cryptexes/App/usr/bin:/usr/bin:/bin:/usr/sbin:/sbin:/Users/sparrovv/Library/Application Support/cloud-code/installer/google-cloud-sdk/bin:/opt/homebrew/opt/openjdk/bin:/Users/sparrovv/google-cloud-sdk/bin:/Users/sparrovv/.local/bin:/Users/sparrovv/dotfiles/bin:.:/Users/sparrovv/.rbenv/shims:bin:/opt/local/bin:/usr/local/sbin:/usr/local/share/npm/bin:/Users/sparrovv/.sfs:/Users/sparrovv/.oh-my-zsh/bin:/Users/sparrovv/go/bin:/opt/homebrew/opt/python@3.11/libexec/bin:/opt/homebrew/bin:/opt/homebrew/sbin:/usr/local/opt/go/libexec/bin:/opt/homebrew/opt/fzf/bin

Yarn version: 
  1.22.19

Node version: 
  20.3.1

Platform: 
  darwin arm64

Trace: 
  SyntaxError: /Users/sparrovv/code/aroundme/package.json: Expected double-quoted property name in JSON at position 341
      at JSON.parse (<anonymous>)
      at /opt/homebrew/Cellar/yarn/1.22.19/libexec/lib/cli.js:1629:59
      at Generator.next (<anonymous>)
      at step (/opt/homebrew/Cellar/yarn/1.22.19/libexec/lib/cli.js:310:30)
      at /opt/homebrew/Cellar/yarn/1.22.19/libexec/lib/cli.js:321:13

npm manifest: 
  {
    "name": "sparrovv/aroundme",
    "private": true,
    "version": "1.0.0",
    "description": "",
    "main": "index.js",
    "scripts": {
      "test": "yarn typecheck && jest",
      "format": "prettier --write .",
      "typecheck": "tsc --noEmit"
    },
    "keywords": [],
    "author": {
      "name": "Michal Wrobel",
      "email": "sparrovv@gmail.com",
    },
    "exports": {
      ".": "./src/index.ts",
      "./*": "./src/*.ts"
    },
    "license": "UNLICENSED",
    "dependencies": {
      "effect": "2.0.0-next.48",
      "luxon": "^3.4.3"
    },
    "devDependencies": {
      "@effect/language-service": "^0.0.19",
      "@types/jest": "^29.5.1",
      "@types/luxon": "^3.3.2",
      "@types/node": "18",
      "fast-check": "^3.8.1",
      "jest": "29.5.0",
      "prettier": "2.8.8",
      "ts-jest": "29.1.0",
      "ts-node": "^10.9.1",
      "typescript": "5.2.2"
    },
    "engines": {
      "node": ">=20"
    },
    "publishConfig": {
      "access": "restricted"
    }
  }

yarn manifest: 
  No manifest

Lockfile: 
  No lockfile
